<?xml version="1.0" encoding="UTF-8"?>
<testng-results ignored="0" total="2" passed="2" failed="0" skipped="0">
  <reporter-output>
  </reporter-output>
  <suite started-at="2024-03-13T13:31:08 IST" name="Default suite" finished-at="2024-03-13T13:31:08 IST" duration-ms="124">
    <groups>
    </groups>
    <test started-at="2024-03-13T13:31:08 IST" name="Default test" finished-at="2024-03-13T13:31:08 IST" duration-ms="124">
      <class name="week5.day1.LearnAnnotations">
        <test-method is-config="true" signature="beforeSuite()[pri:0, instance:week5.day1.LearnAnnotations@5677323c]" started-at="2024-03-13T13:31:08 IST" name="beforeSuite" finished-at="2024-03-13T13:31:08 IST" duration-ms="19" status="PASS">
          <reporter-output>
          </reporter-output>
        </test-method> <!-- beforeSuite -->
        <test-method is-config="true" signature="beforeTest()[pri:0, instance:week5.day1.LearnAnnotations@5677323c]" started-at="2024-03-13T13:31:08 IST" name="beforeTest" finished-at="2024-03-13T13:31:08 IST" duration-ms="0" status="PASS">
          <reporter-output>
          </reporter-output>
        </test-method> <!-- beforeTest -->
        <test-method is-config="true" signature="beforeClass()[pri:0, instance:week5.day1.LearnAnnotations@5677323c]" started-at="2024-03-13T13:31:08 IST" name="beforeClass" finished-at="2024-03-13T13:31:08 IST" duration-ms="1" status="PASS">
          <reporter-output>
          </reporter-output>
        </test-method> <!-- beforeClass -->
        <test-method is-config="true" signature="beforeMethod()[pri:0, instance:week5.day1.LearnAnnotations@5677323c]" started-at="2024-03-13T13:31:08 IST" name="beforeMethod" finished-at="2024-03-13T13:31:08 IST" duration-ms="1" status="PASS">
          <reporter-output>
          </reporter-output>
        </test-method> <!-- beforeMethod -->
        <test-method signature="createLead()[pri:0, instance:week5.day1.LearnAnnotations@5677323c]" started-at="2024-03-13T13:31:08 IST" name="createLead" finished-at="2024-03-13T13:31:08 IST" duration-ms="10" status="PASS">
          <reporter-output>
          </reporter-output>
        </test-method> <!-- createLead -->
        <test-method is-config="true" signature="afterMethod()[pri:0, instance:week5.day1.LearnAnnotations@5677323c]" started-at="2024-03-13T13:31:08 IST" name="afterMethod" finished-at="2024-03-13T13:31:08 IST" duration-ms="1" status="PASS">
          <reporter-output>
          </reporter-output>
        </test-method> <!-- afterMethod -->
        <test-method is-config="true" signature="beforeMethod()[pri:0, instance:week5.day1.LearnAnnotations@5677323c]" started-at="2024-03-13T13:31:08 IST" name="beforeMethod" finished-at="2024-03-13T13:31:08 IST" duration-ms="1" status="PASS">
          <reporter-output>
          </reporter-output>
        </test-method> <!-- beforeMethod -->
        <test-method signature="editLead()[pri:0, instance:week5.day1.LearnAnnotations@5677323c]" started-at="2024-03-13T13:31:08 IST" name="editLead" finished-at="2024-03-13T13:31:08 IST" duration-ms="12" status="PASS">
          <reporter-output>
          </reporter-output>
        </test-method> <!-- editLead -->
        <test-method is-config="true" signature="afterMethod()[pri:0, instance:week5.day1.LearnAnnotations@5677323c]" started-at="2024-03-13T13:31:08 IST" name="afterMethod" finished-at="2024-03-13T13:31:08 IST" duration-ms="1" status="PASS">
          <reporter-output>
          </reporter-output>
        </test-method> <!-- afterMethod -->
        <test-method is-config="true" signature="afterClass()[pri:0, instance:week5.day1.LearnAnnotations@5677323c]" started-at="2024-03-13T13:31:08 IST" name="afterClass" finished-at="2024-03-13T13:31:08 IST" duration-ms="16" status="PASS">
          <reporter-output>
          </reporter-output>
        </test-method> <!-- afterClass -->
        <test-method is-config="true" signature="afterTest()[pri:0, instance:week5.day1.LearnAnnotations@5677323c]" started-at="2024-03-13T13:31:08 IST" name="afterTest" finished-at="2024-03-13T13:31:08 IST" duration-ms="0" status="PASS">
          <reporter-output>
          </reporter-output>
        </test-method> <!-- afterTest -->
        <test-method is-config="true" signature="afterSuite()[pri:0, instance:week5.day1.LearnAnnotations@5677323c]" started-at="2024-03-13T13:31:08 IST" name="afterSuite" finished-at="2024-03-13T13:31:08 IST" duration-ms="0" status="PASS">
          <reporter-output>
          </reporter-output>
        </test-method> <!-- afterSuite -->
      </class> <!-- week5.day1.LearnAnnotations -->
    </test> <!-- Default test -->
  </suite> <!-- Default suite -->
</testng-results>
