<?xml version="1.0" encoding="UTF-8"?>
<!-- Generated by org.testng.reporters.JUnitXMLReporter -->
<testsuite ignored="0" hostname="LAPTOP-5TH0HK7L" failures="0" tests="4" name="Test_parameter" time="88.349" errors="0" timestamp="2024-02-07T16:14:44 IST">
  <testcase classname="mentorWeek5.day2.EditLead" name="runEditLead" time="9.145"/>
  <testcase classname="mentorWeek5.day2.CreateLead" name="runCreateLead" time="6.493"/>
  <testcase classname="mentorWeek5.day2.CreateLead" name="runCreateLead" time="6.798"/>
  <testcase classname="mentorWeek5.day2.CreateLead" name="runCreateLead" time="6.294"/>
</testsuite> <!-- Test_parameter -->
