<?xml version="1.0" encoding="UTF-8"?>
<!-- Generated by org.testng.reporters.JUnitXMLReporter -->
<testsuite ignored="0" hostname="LAPTOP-5TH0HK7L" failures="0" tests="3" name="Chrome" time="56.419" errors="0" timestamp="2024-02-07T16:44:28 IST">
  <testcase classname="mentorWeek5.day2.CreateLead" name="runCreateLead" time="7.249"/>
  <testcase classname="mentorWeek5.day2.CreateLead" name="runCreateLead" time="7.277"/>
  <testcase classname="mentorWeek5.day2.CreateLead" name="runCreateLead" time="6.571"/>
</testsuite> <!-- Chrome -->
