<?xml version="1.0" encoding="UTF-8"?>
<!-- Generated by org.testng.reporters.JUnitXMLReporter -->
<testsuite ignored="0" hostname="LAPTOP-5TH0HK7L" failures="0" tests="3" name="TestNG" time="84.025" errors="0" timestamp="2023-12-09T10:50:15 IST">
  <testcase classname="testCase.DeleteLead" name="runDeleteLead" time="30.784"/>
  <testcase classname="testCase.CreateLead" name="runCreateLead" time="24.677"/>
  <testcase classname="testCase.EditLead" name="runEditLead" time="28.444"/>
</testsuite> <!-- TestNG -->
